{"/home/oxana/frontend-project-46/src/index.js": {"path":"/home/oxana/frontend-project-46/src/index.js","all":false,"statementMap":{"0":{"start":{"line":1,"column":0},"end":{"line":1,"column":37}},"1":{"start":{"line":2,"column":0},"end":{"line":2,"column":70}},"2":{"start":{"line":3,"column":0},"end":{"line":3,"column":48}},"3":{"start":{"line":4,"column":0},"end":{"line":4,"column":0}},"4":{"start":{"line":5,"column":0},"end":{"line":5,"column":66}},"5":{"start":{"line":6,"column":0},"end":{"line":6,"column":50}},"6":{"start":{"line":7,"column":0},"end":{"line":7,"column":50}},"7":{"start":{"line":8,"column":0},"end":{"line":8,"column":47}},"8":{"start":{"line":9,"column":0},"end":{"line":9,"column":47}},"9":{"start":{"line":10,"column":0},"end":{"line":10,"column":58}},"10":{"start":{"line":11,"column":0},"end":{"line":11,"column":58}},"11":{"start":{"line":12,"column":0},"end":{"line":12,"column":48}},"12":{"start":{"line":13,"column":0},"end":{"line":13,"column":46}},"13":{"start":{"line":14,"column":0},"end":{"line":14,"column":16}},"14":{"start":{"line":15,"column":0},"end":{"line":15,"column":2}},"15":{"start":{"line":16,"column":0},"end":{"line":16,"column":0}},"16":{"start":{"line":17,"column":0},"end":{"line":17,"column":23}}},"s":{"0":1,"1":1,"2":1,"3":1,"4":1,"5":6,"6":6,"7":6,"8":6,"9":6,"10":6,"11":6,"12":6,"13":6,"14":6,"15":1,"16":1},"branchMap":{"0":{"type":"branch","line":5,"loc":{"start":{"line":5,"column":16},"end":{"line":15,"column":2}},"locations":[{"start":{"line":5,"column":16},"end":{"line":15,"column":2}}]}},"b":{"0":[6]},"fnMap":{"0":{"name":"genDiff","decl":{"start":{"line":5,"column":16},"end":{"line":15,"column":2}},"loc":{"start":{"line":5,"column":16},"end":{"line":15,"column":2}},"line":5}},"f":{"0":6}}
,"/home/oxana/frontend-project-46/src/parsers.js": {"path":"/home/oxana/frontend-project-46/src/parsers.js","all":false,"statementMap":{"0":{"start":{"line":1,"column":0},"end":{"line":1,"column":27}},"1":{"start":{"line":2,"column":0},"end":{"line":2,"column":0}},"2":{"start":{"line":3,"column":0},"end":{"line":3,"column":37}},"3":{"start":{"line":4,"column":0},"end":{"line":4,"column":26}},"4":{"start":{"line":5,"column":0},"end":{"line":5,"column":28}},"5":{"start":{"line":6,"column":0},"end":{"line":6,"column":3}},"6":{"start":{"line":7,"column":0},"end":{"line":7,"column":46}},"7":{"start":{"line":8,"column":0},"end":{"line":8,"column":27}},"8":{"start":{"line":9,"column":0},"end":{"line":9,"column":3}},"9":{"start":{"line":10,"column":0},"end":{"line":10,"column":48}},"10":{"start":{"line":11,"column":0},"end":{"line":11,"column":2}},"11":{"start":{"line":12,"column":0},"end":{"line":12,"column":0}},"12":{"start":{"line":13,"column":0},"end":{"line":13,"column":25}}},"s":{"0":1,"1":1,"2":1,"3":13,"4":6,"5":6,"6":13,"7":6,"8":6,"9":1,"10":1,"11":1,"12":1},"branchMap":{"0":{"type":"branch","line":3,"loc":{"start":{"line":3,"column":18},"end":{"line":11,"column":2}},"locations":[{"start":{"line":3,"column":18},"end":{"line":11,"column":2}}]},"1":{"type":"branch","line":4,"loc":{"start":{"line":4,"column":25},"end":{"line":6,"column":3}},"locations":[{"start":{"line":4,"column":25},"end":{"line":6,"column":3}}]},"2":{"type":"branch","line":6,"loc":{"start":{"line":6,"column":2},"end":{"line":7,"column":27}},"locations":[{"start":{"line":6,"column":2},"end":{"line":7,"column":27}}]},"3":{"type":"branch","line":7,"loc":{"start":{"line":7,"column":23},"end":{"line":7,"column":43}},"locations":[{"start":{"line":7,"column":23},"end":{"line":7,"column":43}}]},"4":{"type":"branch","line":7,"loc":{"start":{"line":7,"column":45},"end":{"line":9,"column":3}},"locations":[{"start":{"line":7,"column":45},"end":{"line":9,"column":3}}]},"5":{"type":"branch","line":9,"loc":{"start":{"line":9,"column":2},"end":{"line":11,"column":2}},"locations":[{"start":{"line":9,"column":2},"end":{"line":11,"column":2}}]}},"b":{"0":[13],"1":[6],"2":[7],"3":[1],"4":[6],"5":[1]},"fnMap":{"0":{"name":"parseFile","decl":{"start":{"line":3,"column":18},"end":{"line":11,"column":2}},"loc":{"start":{"line":3,"column":18},"end":{"line":11,"column":2}},"line":3}},"f":{"0":13}}
,"/home/oxana/frontend-project-46/src/utils.js": {"path":"/home/oxana/frontend-project-46/src/utils.js","all":false,"statementMap":{"0":{"start":{"line":1,"column":0},"end":{"line":1,"column":38}},"1":{"start":{"line":2,"column":0},"end":{"line":2,"column":53}},"2":{"start":{"line":3,"column":0},"end":{"line":3,"column":24}},"3":{"start":{"line":4,"column":0},"end":{"line":4,"column":47}},"4":{"start":{"line":5,"column":0},"end":{"line":5,"column":39}},"5":{"start":{"line":6,"column":0},"end":{"line":6,"column":23}},"6":{"start":{"line":7,"column":0},"end":{"line":7,"column":0}},"7":{"start":{"line":8,"column":0},"end":{"line":8,"column":39}},"8":{"start":{"line":9,"column":0},"end":{"line":9,"column":24}},"9":{"start":{"line":10,"column":0},"end":{"line":10,"column":33}},"10":{"start":{"line":11,"column":0},"end":{"line":11,"column":42}},"11":{"start":{"line":12,"column":0},"end":{"line":12,"column":82}},"12":{"start":{"line":13,"column":0},"end":{"line":13,"column":17}},"13":{"start":{"line":14,"column":0},"end":{"line":14,"column":40}},"14":{"start":{"line":15,"column":0},"end":{"line":15,"column":2}},"15":{"start":{"line":16,"column":0},"end":{"line":16,"column":0}},"16":{"start":{"line":17,"column":0},"end":{"line":17,"column":68}},"17":{"start":{"line":18,"column":0},"end":{"line":18,"column":0}},"18":{"start":{"line":19,"column":0},"end":{"line":19,"column":36}},"19":{"start":{"line":20,"column":0},"end":{"line":20,"column":49}},"20":{"start":{"line":21,"column":0},"end":{"line":21,"column":73}},"21":{"start":{"line":22,"column":0},"end":{"line":22,"column":0}},"22":{"start":{"line":23,"column":0},"end":{"line":23,"column":36}},"23":{"start":{"line":24,"column":0},"end":{"line":24,"column":50}},"24":{"start":{"line":25,"column":0},"end":{"line":25,"column":37}},"25":{"start":{"line":26,"column":0},"end":{"line":26,"column":14}},"26":{"start":{"line":27,"column":0},"end":{"line":27,"column":12}},"27":{"start":{"line":28,"column":0},"end":{"line":28,"column":22}},"28":{"start":{"line":29,"column":0},"end":{"line":29,"column":26}},"29":{"start":{"line":30,"column":0},"end":{"line":30,"column":8}},"30":{"start":{"line":31,"column":0},"end":{"line":31,"column":5}},"31":{"start":{"line":32,"column":0},"end":{"line":32,"column":49}},"32":{"start":{"line":33,"column":0},"end":{"line":33,"column":37}},"33":{"start":{"line":34,"column":0},"end":{"line":34,"column":14}},"34":{"start":{"line":35,"column":0},"end":{"line":35,"column":12}},"35":{"start":{"line":36,"column":0},"end":{"line":36,"column":24}},"36":{"start":{"line":37,"column":0},"end":{"line":37,"column":26}},"37":{"start":{"line":38,"column":0},"end":{"line":38,"column":8}},"38":{"start":{"line":39,"column":0},"end":{"line":39,"column":5}},"39":{"start":{"line":40,"column":0},"end":{"line":40,"column":71}},"40":{"start":{"line":41,"column":0},"end":{"line":41,"column":53}},"41":{"start":{"line":42,"column":0},"end":{"line":42,"column":63}},"42":{"start":{"line":43,"column":0},"end":{"line":43,"column":14}},"43":{"start":{"line":44,"column":0},"end":{"line":44,"column":12}},"44":{"start":{"line":45,"column":0},"end":{"line":45,"column":23}},"45":{"start":{"line":46,"column":0},"end":{"line":46,"column":51}},"46":{"start":{"line":47,"column":0},"end":{"line":47,"column":8}},"47":{"start":{"line":48,"column":0},"end":{"line":48,"column":5}},"48":{"start":{"line":49,"column":0},"end":{"line":49,"column":68}},"49":{"start":{"line":50,"column":0},"end":{"line":50,"column":36}},"50":{"start":{"line":51,"column":0},"end":{"line":51,"column":14}},"51":{"start":{"line":52,"column":0},"end":{"line":52,"column":12}},"52":{"start":{"line":53,"column":0},"end":{"line":53,"column":24}},"53":{"start":{"line":54,"column":0},"end":{"line":54,"column":27}},"54":{"start":{"line":55,"column":0},"end":{"line":55,"column":27}},"55":{"start":{"line":56,"column":0},"end":{"line":56,"column":8}},"56":{"start":{"line":57,"column":0},"end":{"line":57,"column":5}},"57":{"start":{"line":58,"column":0},"end":{"line":58,"column":73}},"58":{"start":{"line":59,"column":0},"end":{"line":59,"column":12}},"59":{"start":{"line":60,"column":0},"end":{"line":60,"column":10}},"60":{"start":{"line":61,"column":0},"end":{"line":61,"column":24}},"61":{"start":{"line":62,"column":0},"end":{"line":62,"column":24}},"62":{"start":{"line":63,"column":0},"end":{"line":63,"column":6}},"63":{"start":{"line":64,"column":0},"end":{"line":64,"column":5}},"64":{"start":{"line":65,"column":0},"end":{"line":65,"column":16}},"65":{"start":{"line":66,"column":0},"end":{"line":66,"column":2}},"66":{"start":{"line":67,"column":0},"end":{"line":67,"column":0}},"67":{"start":{"line":68,"column":0},"end":{"line":68,"column":52}}},"s":{"0":1,"1":1,"2":1,"3":1,"4":1,"5":1,"6":1,"7":1,"8":12,"9":12,"10":12,"11":12,"12":12,"13":12,"14":12,"15":1,"16":1,"17":1,"18":1,"19":30,"20":30,"21":30,"22":30,"23":108,"24":108,"25":30,"26":30,"27":30,"28":30,"29":30,"30":30,"31":78,"32":108,"33":12,"34":12,"35":12,"36":12,"37":12,"38":12,"39":66,"40":66,"41":108,"42":24,"43":24,"44":24,"45":24,"46":24,"47":24,"48":42,"49":108,"50":24,"51":24,"52":24,"53":24,"54":24,"55":24,"56":24,"57":18,"58":18,"59":18,"60":18,"61":18,"62":18,"63":30,"64":30,"65":30,"66":1,"67":1},"branchMap":{"0":{"type":"branch","line":8,"loc":{"start":{"line":8,"column":25},"end":{"line":15,"column":2}},"locations":[{"start":{"line":8,"column":25},"end":{"line":15,"column":2}}]},"1":{"type":"branch","line":17,"loc":{"start":{"line":17,"column":23},"end":{"line":17,"column":67}},"locations":[{"start":{"line":17,"column":23},"end":{"line":17,"column":67}}]},"2":{"type":"branch","line":19,"loc":{"start":{"line":19,"column":17},"end":{"line":66,"column":2}},"locations":[{"start":{"line":19,"column":17},"end":{"line":66,"column":2}}]},"3":{"type":"branch","line":23,"loc":{"start":{"line":23,"column":27},"end":{"line":64,"column":3}},"locations":[{"start":{"line":23,"column":27},"end":{"line":64,"column":3}}]},"4":{"type":"branch","line":25,"loc":{"start":{"line":25,"column":36},"end":{"line":31,"column":5}},"locations":[{"start":{"line":25,"column":36},"end":{"line":31,"column":5}}]},"5":{"type":"branch","line":31,"loc":{"start":{"line":31,"column":4},"end":{"line":33,"column":36}},"locations":[{"start":{"line":31,"column":4},"end":{"line":33,"column":36}}]},"6":{"type":"branch","line":33,"loc":{"start":{"line":33,"column":36},"end":{"line":39,"column":5}},"locations":[{"start":{"line":33,"column":36},"end":{"line":39,"column":5}}]},"7":{"type":"branch","line":39,"loc":{"start":{"line":39,"column":4},"end":{"line":42,"column":37}},"locations":[{"start":{"line":39,"column":4},"end":{"line":42,"column":37}}]},"8":{"type":"branch","line":42,"loc":{"start":{"line":42,"column":31},"end":{"line":42,"column":60}},"locations":[{"start":{"line":42,"column":31},"end":{"line":42,"column":60}}]},"9":{"type":"branch","line":42,"loc":{"start":{"line":42,"column":62},"end":{"line":48,"column":5}},"locations":[{"start":{"line":42,"column":62},"end":{"line":48,"column":5}}]},"10":{"type":"branch","line":48,"loc":{"start":{"line":48,"column":4},"end":{"line":50,"column":35}},"locations":[{"start":{"line":48,"column":4},"end":{"line":50,"column":35}}]},"11":{"type":"branch","line":50,"loc":{"start":{"line":50,"column":35},"end":{"line":57,"column":5}},"locations":[{"start":{"line":50,"column":35},"end":{"line":57,"column":5}}]},"12":{"type":"branch","line":57,"loc":{"start":{"line":57,"column":4},"end":{"line":64,"column":3}},"locations":[{"start":{"line":57,"column":4},"end":{"line":64,"column":3}}]}},"b":{"0":[12],"1":[12],"2":[30],"3":[108],"4":[30],"5":[78],"6":[12],"7":[66],"8":[30],"9":[24],"10":[42],"11":[24],"12":[18]},"fnMap":{"0":{"name":"readFixtureFile","decl":{"start":{"line":8,"column":25},"end":{"line":15,"column":2}},"loc":{"start":{"line":8,"column":25},"end":{"line":15,"column":2}},"line":8},"1":{"name":"getFormatFile","decl":{"start":{"line":17,"column":23},"end":{"line":17,"column":67}},"loc":{"start":{"line":17,"column":23},"end":{"line":17,"column":67}},"line":17},"2":{"name":"dataDiff","decl":{"start":{"line":19,"column":17},"end":{"line":66,"column":2}},"loc":{"start":{"line":19,"column":17},"end":{"line":66,"column":2}},"line":19}},"f":{"0":12,"1":12,"2":30}}
,"/home/oxana/frontend-project-46/src/formatters/index.js": {"path":"/home/oxana/frontend-project-46/src/formatters/index.js","all":false,"statementMap":{"0":{"start":{"line":1,"column":0},"end":{"line":1,"column":38}},"1":{"start":{"line":2,"column":0},"end":{"line":2,"column":34}},"2":{"start":{"line":3,"column":0},"end":{"line":3,"column":0}},"3":{"start":{"line":4,"column":0},"end":{"line":4,"column":54}},"4":{"start":{"line":5,"column":0},"end":{"line":5,"column":32}},"5":{"start":{"line":6,"column":0},"end":{"line":6,"column":28}},"6":{"start":{"line":7,"column":0},"end":{"line":7,"column":3}},"7":{"start":{"line":8,"column":0},"end":{"line":8,"column":30}},"8":{"start":{"line":9,"column":0},"end":{"line":9,"column":26}},"9":{"start":{"line":10,"column":0},"end":{"line":10,"column":3}},"10":{"start":{"line":11,"column":0},"end":{"line":11,"column":29}},"11":{"start":{"line":12,"column":0},"end":{"line":12,"column":32}},"12":{"start":{"line":13,"column":0},"end":{"line":13,"column":3}},"13":{"start":{"line":14,"column":0},"end":{"line":14,"column":36}},"14":{"start":{"line":15,"column":0},"end":{"line":15,"column":2}},"15":{"start":{"line":16,"column":0},"end":{"line":16,"column":0}},"16":{"start":{"line":17,"column":0},"end":{"line":17,"column":27}}},"s":{"0":1,"1":1,"2":1,"3":1,"4":7,"5":2,"6":2,"7":7,"8":2,"9":2,"10":7,"11":2,"12":2,"13":1,"14":1,"15":1,"16":1},"branchMap":{"0":{"type":"branch","line":4,"loc":{"start":{"line":4,"column":20},"end":{"line":15,"column":2}},"locations":[{"start":{"line":4,"column":20},"end":{"line":15,"column":2}}]},"1":{"type":"branch","line":5,"loc":{"start":{"line":5,"column":31},"end":{"line":7,"column":3}},"locations":[{"start":{"line":5,"column":31},"end":{"line":7,"column":3}}]},"2":{"type":"branch","line":7,"loc":{"start":{"line":7,"column":2},"end":{"line":8,"column":29}},"locations":[{"start":{"line":7,"column":2},"end":{"line":8,"column":29}}]},"3":{"type":"branch","line":8,"loc":{"start":{"line":8,"column":29},"end":{"line":10,"column":3}},"locations":[{"start":{"line":8,"column":29},"end":{"line":10,"column":3}}]},"4":{"type":"branch","line":10,"loc":{"start":{"line":10,"column":2},"end":{"line":11,"column":28}},"locations":[{"start":{"line":10,"column":2},"end":{"line":11,"column":28}}]},"5":{"type":"branch","line":11,"loc":{"start":{"line":11,"column":28},"end":{"line":13,"column":3}},"locations":[{"start":{"line":11,"column":28},"end":{"line":13,"column":3}}]},"6":{"type":"branch","line":13,"loc":{"start":{"line":13,"column":2},"end":{"line":15,"column":2}},"locations":[{"start":{"line":13,"column":2},"end":{"line":15,"column":2}}]}},"b":{"0":[7],"1":[2],"2":[5],"3":[2],"4":[3],"5":[2],"6":[1]},"fnMap":{"0":{"name":"selectStyle","decl":{"start":{"line":4,"column":20},"end":{"line":15,"column":2}},"loc":{"start":{"line":4,"column":20},"end":{"line":15,"column":2}},"line":4}},"f":{"0":7}}
,"/home/oxana/frontend-project-46/src/formatters/plain.js": {"path":"/home/oxana/frontend-project-46/src/formatters/plain.js","all":false,"statementMap":{"0":{"start":{"line":1,"column":0},"end":{"line":1,"column":23}},"1":{"start":{"line":2,"column":0},"end":{"line":2,"column":30}},"2":{"start":{"line":3,"column":0},"end":{"line":3,"column":30}},"3":{"start":{"line":4,"column":0},"end":{"line":4,"column":26}},"4":{"start":{"line":5,"column":0},"end":{"line":5,"column":25}},"5":{"start":{"line":6,"column":0},"end":{"line":6,"column":19}},"6":{"start":{"line":7,"column":0},"end":{"line":7,"column":0}},"7":{"start":{"line":8,"column":0},"end":{"line":8,"column":30}},"8":{"start":{"line":9,"column":0},"end":{"line":9,"column":25}},"9":{"start":{"line":10,"column":0},"end":{"line":10,"column":44}},"10":{"start":{"line":11,"column":0},"end":{"line":11,"column":29}},"11":{"start":{"line":12,"column":0},"end":{"line":12,"column":3}},"12":{"start":{"line":13,"column":0},"end":{"line":13,"column":25}},"13":{"start":{"line":14,"column":0},"end":{"line":14,"column":26}},"14":{"start":{"line":15,"column":0},"end":{"line":15,"column":24}},"15":{"start":{"line":16,"column":0},"end":{"line":16,"column":3}},"16":{"start":{"line":17,"column":0},"end":{"line":17,"column":23}},"17":{"start":{"line":18,"column":0},"end":{"line":18,"column":2}},"18":{"start":{"line":19,"column":0},"end":{"line":19,"column":0}},"19":{"start":{"line":20,"column":0},"end":{"line":20,"column":33}},"20":{"start":{"line":21,"column":0},"end":{"line":21,"column":46}},"21":{"start":{"line":22,"column":0},"end":{"line":22,"column":18}},"22":{"start":{"line":23,"column":0},"end":{"line":23,"column":88}},"23":{"start":{"line":24,"column":0},"end":{"line":24,"column":65}},"24":{"start":{"line":25,"column":0},"end":{"line":25,"column":24}},"25":{"start":{"line":26,"column":0},"end":{"line":26,"column":21}},"26":{"start":{"line":27,"column":0},"end":{"line":27,"column":56}},"27":{"start":{"line":28,"column":0},"end":{"line":28,"column":19}},"28":{"start":{"line":29,"column":0},"end":{"line":29,"column":91}},"29":{"start":{"line":30,"column":0},"end":{"line":30,"column":21}},"30":{"start":{"line":31,"column":0},"end":{"line":31,"column":117}},"31":{"start":{"line":32,"column":0},"end":{"line":32,"column":20}},"32":{"start":{"line":33,"column":0},"end":{"line":33,"column":60}},"33":{"start":{"line":34,"column":0},"end":{"line":34,"column":14}},"34":{"start":{"line":35,"column":0},"end":{"line":35,"column":41}},"35":{"start":{"line":36,"column":0},"end":{"line":36,"column":5}},"36":{"start":{"line":37,"column":0},"end":{"line":37,"column":5}},"37":{"start":{"line":38,"column":0},"end":{"line":38,"column":0}},"38":{"start":{"line":39,"column":0},"end":{"line":39,"column":53}},"39":{"start":{"line":40,"column":0},"end":{"line":40,"column":0}},"40":{"start":{"line":41,"column":0},"end":{"line":41,"column":24}}},"s":{"0":1,"1":1,"2":1,"3":1,"4":1,"5":1,"6":1,"7":1,"8":26,"9":26,"10":6,"11":6,"12":20,"13":26,"14":14,"15":14,"16":6,"17":6,"18":1,"19":1,"20":11,"21":11,"22":31,"23":31,"24":31,"25":31,"26":4,"27":31,"28":10,"29":31,"30":8,"31":31,"32":8,"33":31,"34":1,"35":31,"36":1,"37":1,"38":1,"39":1,"40":1},"branchMap":{"0":{"type":"branch","line":8,"loc":{"start":{"line":8,"column":19},"end":{"line":18,"column":2}},"locations":[{"start":{"line":8,"column":19},"end":{"line":18,"column":2}}]},"1":{"type":"branch","line":10,"loc":{"start":{"line":10,"column":23},"end":{"line":10,"column":41}},"locations":[{"start":{"line":10,"column":23},"end":{"line":10,"column":41}}]},"2":{"type":"branch","line":10,"loc":{"start":{"line":10,"column":43},"end":{"line":12,"column":3}},"locations":[{"start":{"line":10,"column":43},"end":{"line":12,"column":3}}]},"3":{"type":"branch","line":12,"loc":{"start":{"line":12,"column":2},"end":{"line":14,"column":25}},"locations":[{"start":{"line":12,"column":2},"end":{"line":14,"column":25}}]},"4":{"type":"branch","line":14,"loc":{"start":{"line":14,"column":25},"end":{"line":16,"column":3}},"locations":[{"start":{"line":14,"column":25},"end":{"line":16,"column":3}}]},"5":{"type":"branch","line":16,"loc":{"start":{"line":16,"column":2},"end":{"line":18,"column":2}},"locations":[{"start":{"line":16,"column":2},"end":{"line":18,"column":2}}]},"6":{"type":"branch","line":20,"loc":{"start":{"line":20,"column":13},"end":{"line":37,"column":4}},"locations":[{"start":{"line":20,"column":13},"end":{"line":37,"column":4}}]},"7":{"type":"branch","line":21,"loc":{"start":{"line":21,"column":11},"end":{"line":21,"column":45}},"locations":[{"start":{"line":21,"column":11},"end":{"line":21,"column":45}}]},"8":{"type":"branch","line":22,"loc":{"start":{"line":22,"column":8},"end":{"line":37,"column":4}},"locations":[{"start":{"line":22,"column":8},"end":{"line":37,"column":4}}]},"9":{"type":"branch","line":24,"loc":{"start":{"line":24,"column":29},"end":{"line":24,"column":53}},"locations":[{"start":{"line":24,"column":29},"end":{"line":24,"column":53}}]},"10":{"type":"branch","line":24,"loc":{"start":{"line":24,"column":53},"end":{"line":24,"column":64}},"locations":[{"start":{"line":24,"column":53},"end":{"line":24,"column":64}}]},"11":{"type":"branch","line":26,"loc":{"start":{"line":26,"column":6},"end":{"line":27,"column":56}},"locations":[{"start":{"line":26,"column":6},"end":{"line":27,"column":56}}]},"12":{"type":"branch","line":28,"loc":{"start":{"line":28,"column":6},"end":{"line":29,"column":91}},"locations":[{"start":{"line":28,"column":6},"end":{"line":29,"column":91}}]},"13":{"type":"branch","line":30,"loc":{"start":{"line":30,"column":6},"end":{"line":31,"column":117}},"locations":[{"start":{"line":30,"column":6},"end":{"line":31,"column":117}}]},"14":{"type":"branch","line":32,"loc":{"start":{"line":32,"column":6},"end":{"line":33,"column":60}},"locations":[{"start":{"line":32,"column":6},"end":{"line":33,"column":60}}]},"15":{"type":"branch","line":34,"loc":{"start":{"line":34,"column":6},"end":{"line":35,"column":41}},"locations":[{"start":{"line":34,"column":6},"end":{"line":35,"column":41}}]},"16":{"type":"branch","line":39,"loc":{"start":{"line":39,"column":18},"end":{"line":39,"column":52}},"locations":[{"start":{"line":39,"column":18},"end":{"line":39,"column":52}}]}},"b":{"0":[26],"1":[6],"2":[6],"3":[20],"4":[14],"5":[6],"6":[11],"7":[37],"8":[31],"9":[22],"10":[9],"11":[4],"12":[10],"13":[8],"14":[8],"15":[1],"16":[3]},"fnMap":{"0":{"name":"getString","decl":{"start":{"line":8,"column":19},"end":{"line":18,"column":2}},"loc":{"start":{"line":8,"column":19},"end":{"line":18,"column":2}},"line":8},"1":{"name":"iter","decl":{"start":{"line":20,"column":13},"end":{"line":37,"column":4}},"loc":{"start":{"line":20,"column":13},"end":{"line":37,"column":4}},"line":20},"2":{"name":"getPlain","decl":{"start":{"line":39,"column":18},"end":{"line":39,"column":52}},"loc":{"start":{"line":39,"column":18},"end":{"line":39,"column":52}},"line":39}},"f":{"0":26,"1":11,"2":3}}
,"/home/oxana/frontend-project-46/src/formatters/stylish.js": {"path":"/home/oxana/frontend-project-46/src/formatters/stylish.js","all":false,"statementMap":{"0":{"start":{"line":1,"column":0},"end":{"line":1,"column":23}},"1":{"start":{"line":2,"column":0},"end":{"line":2,"column":30}},"2":{"start":{"line":3,"column":0},"end":{"line":3,"column":30}},"3":{"start":{"line":4,"column":0},"end":{"line":4,"column":26}},"4":{"start":{"line":5,"column":0},"end":{"line":5,"column":25}},"5":{"start":{"line":6,"column":0},"end":{"line":6,"column":19}},"6":{"start":{"line":7,"column":0},"end":{"line":7,"column":0}},"7":{"start":{"line":8,"column":0},"end":{"line":8,"column":59}},"8":{"start":{"line":9,"column":0},"end":{"line":9,"column":21}},"9":{"start":{"line":10,"column":0},"end":{"line":10,"column":21}},"10":{"start":{"line":11,"column":0},"end":{"line":11,"column":0}},"11":{"start":{"line":12,"column":0},"end":{"line":12,"column":58}},"12":{"start":{"line":13,"column":0},"end":{"line":13,"column":93}},"13":{"start":{"line":14,"column":0},"end":{"line":14,"column":0}},"14":{"start":{"line":15,"column":0},"end":{"line":15,"column":38}},"15":{"start":{"line":16,"column":0},"end":{"line":16,"column":30}},"16":{"start":{"line":17,"column":0},"end":{"line":17,"column":40}},"17":{"start":{"line":18,"column":0},"end":{"line":18,"column":37}},"18":{"start":{"line":19,"column":0},"end":{"line":19,"column":2}},"19":{"start":{"line":20,"column":0},"end":{"line":20,"column":0}},"20":{"start":{"line":21,"column":0},"end":{"line":21,"column":37}},"21":{"start":{"line":22,"column":0},"end":{"line":22,"column":39}},"22":{"start":{"line":23,"column":0},"end":{"line":23,"column":40}},"23":{"start":{"line":24,"column":0},"end":{"line":24,"column":41}},"24":{"start":{"line":25,"column":0},"end":{"line":25,"column":2}},"25":{"start":{"line":26,"column":0},"end":{"line":26,"column":0}},"26":{"start":{"line":27,"column":0},"end":{"line":27,"column":30}},"27":{"start":{"line":28,"column":0},"end":{"line":28,"column":40}},"28":{"start":{"line":29,"column":0},"end":{"line":29,"column":25}},"29":{"start":{"line":30,"column":0},"end":{"line":30,"column":43}},"30":{"start":{"line":31,"column":0},"end":{"line":31,"column":92}},"31":{"start":{"line":32,"column":0},"end":{"line":32,"column":6}},"32":{"start":{"line":33,"column":0},"end":{"line":33,"column":58}},"33":{"start":{"line":34,"column":0},"end":{"line":34,"column":3}},"34":{"start":{"line":35,"column":0},"end":{"line":35,"column":28}},"35":{"start":{"line":36,"column":0},"end":{"line":36,"column":76}},"36":{"start":{"line":37,"column":0},"end":{"line":37,"column":3}},"37":{"start":{"line":38,"column":0},"end":{"line":38,"column":22}},"38":{"start":{"line":39,"column":0},"end":{"line":39,"column":18}},"39":{"start":{"line":40,"column":0},"end":{"line":40,"column":3}},"40":{"start":{"line":41,"column":0},"end":{"line":41,"column":22}},"41":{"start":{"line":42,"column":0},"end":{"line":42,"column":2}},"42":{"start":{"line":43,"column":0},"end":{"line":43,"column":0}},"43":{"start":{"line":44,"column":0},"end":{"line":44,"column":64}},"44":{"start":{"line":45,"column":0},"end":{"line":45,"column":54}},"45":{"start":{"line":46,"column":0},"end":{"line":46,"column":22}},"46":{"start":{"line":47,"column":0},"end":{"line":47,"column":19}},"47":{"start":{"line":48,"column":0},"end":{"line":48,"column":94}},"48":{"start":{"line":49,"column":0},"end":{"line":49,"column":17}},"49":{"start":{"line":50,"column":0},"end":{"line":50,"column":94}},"50":{"start":{"line":51,"column":0},"end":{"line":51,"column":21}},"51":{"start":{"line":52,"column":0},"end":{"line":52,"column":176}},"52":{"start":{"line":53,"column":0},"end":{"line":53,"column":5}},"53":{"start":{"line":54,"column":0},"end":{"line":54,"column":21}},"54":{"start":{"line":55,"column":0},"end":{"line":55,"column":83}},"55":{"start":{"line":56,"column":0},"end":{"line":56,"column":20}},"56":{"start":{"line":57,"column":0},"end":{"line":57,"column":51}},"57":{"start":{"line":58,"column":0},"end":{"line":58,"column":92}},"58":{"start":{"line":59,"column":0},"end":{"line":59,"column":5}},"59":{"start":{"line":60,"column":0},"end":{"line":60,"column":12}},"60":{"start":{"line":61,"column":0},"end":{"line":61,"column":39}},"61":{"start":{"line":62,"column":0},"end":{"line":62,"column":3}},"62":{"start":{"line":63,"column":0},"end":{"line":63,"column":3}},"63":{"start":{"line":64,"column":0},"end":{"line":64,"column":0}},"64":{"start":{"line":65,"column":0},"end":{"line":65,"column":28}},"65":{"start":{"line":66,"column":0},"end":{"line":66,"column":30}},"66":{"start":{"line":67,"column":0},"end":{"line":67,"column":26}},"67":{"start":{"line":68,"column":0},"end":{"line":68,"column":18}},"68":{"start":{"line":69,"column":0},"end":{"line":69,"column":3}},"69":{"start":{"line":70,"column":0},"end":{"line":70,"column":31}},"70":{"start":{"line":71,"column":0},"end":{"line":71,"column":38}},"71":{"start":{"line":72,"column":0},"end":{"line":72,"column":2}},"72":{"start":{"line":73,"column":0},"end":{"line":73,"column":0}},"73":{"start":{"line":74,"column":0},"end":{"line":74,"column":26}}},"s":{"0":1,"1":1,"2":1,"3":1,"4":1,"5":1,"6":1,"7":1,"8":1,"9":1,"10":1,"11":1,"12":1,"13":1,"14":1,"15":1,"16":54,"17":54,"18":54,"19":1,"20":1,"21":1,"22":30,"23":30,"24":30,"25":1,"26":1,"27":1,"28":54,"29":14,"30":14,"31":14,"32":14,"33":14,"34":54,"35":0,"36":0,"37":54,"38":2,"39":2,"40":38,"41":38,"42":1,"43":1,"44":1,"45":37,"46":37,"47":4,"48":37,"49":10,"50":37,"51":8,"52":8,"53":37,"54":6,"55":37,"56":8,"57":8,"58":8,"59":37,"60":1,"61":37,"62":1,"63":1,"64":1,"65":1,"66":4,"67":1,"68":1,"69":3,"70":3,"71":3,"72":1,"73":1},"branchMap":{"0":{"type":"branch","line":16,"loc":{"start":{"line":16,"column":19},"end":{"line":19,"column":2}},"locations":[{"start":{"line":16,"column":19},"end":{"line":19,"column":2}}]},"1":{"type":"branch","line":22,"loc":{"start":{"line":22,"column":28},"end":{"line":25,"column":2}},"locations":[{"start":{"line":22,"column":28},"end":{"line":25,"column":2}}]},"2":{"type":"branch","line":28,"loc":{"start":{"line":28,"column":22},"end":{"line":42,"column":2}},"locations":[{"start":{"line":28,"column":22},"end":{"line":42,"column":2}}]},"3":{"type":"branch","line":29,"loc":{"start":{"line":29,"column":24},"end":{"line":34,"column":3}},"locations":[{"start":{"line":29,"column":24},"end":{"line":34,"column":3}}]},"4":{"type":"branch","line":34,"loc":{"start":{"line":34,"column":2},"end":{"line":35,"column":27}},"locations":[{"start":{"line":34,"column":2},"end":{"line":35,"column":27}}]},"5":{"type":"branch","line":35,"loc":{"start":{"line":35,"column":27},"end":{"line":37,"column":3}},"locations":[{"start":{"line":35,"column":27},"end":{"line":37,"column":3}}]},"6":{"type":"branch","line":37,"loc":{"start":{"line":37,"column":2},"end":{"line":38,"column":21}},"locations":[{"start":{"line":37,"column":2},"end":{"line":38,"column":21}}]},"7":{"type":"branch","line":38,"loc":{"start":{"line":38,"column":21},"end":{"line":40,"column":3}},"locations":[{"start":{"line":38,"column":21},"end":{"line":40,"column":3}}]},"8":{"type":"branch","line":40,"loc":{"start":{"line":40,"column":2},"end":{"line":42,"column":2}},"locations":[{"start":{"line":40,"column":2},"end":{"line":42,"column":2}}]},"9":{"type":"branch","line":31,"loc":{"start":{"line":31,"column":6},"end":{"line":31,"column":92}},"locations":[{"start":{"line":31,"column":6},"end":{"line":31,"column":92}}]},"10":{"type":"branch","line":45,"loc":{"start":{"line":45,"column":13},"end":{"line":63,"column":2}},"locations":[{"start":{"line":45,"column":13},"end":{"line":63,"column":2}}]},"11":{"type":"branch","line":45,"loc":{"start":{"line":45,"column":44},"end":{"line":63,"column":2}},"locations":[{"start":{"line":45,"column":44},"end":{"line":63,"column":2}}]},"12":{"type":"branch","line":47,"loc":{"start":{"line":47,"column":4},"end":{"line":48,"column":94}},"locations":[{"start":{"line":47,"column":4},"end":{"line":48,"column":94}}]},"13":{"type":"branch","line":49,"loc":{"start":{"line":49,"column":4},"end":{"line":50,"column":94}},"locations":[{"start":{"line":49,"column":4},"end":{"line":50,"column":94}}]},"14":{"type":"branch","line":51,"loc":{"start":{"line":51,"column":4},"end":{"line":53,"column":5}},"locations":[{"start":{"line":51,"column":4},"end":{"line":53,"column":5}}]},"15":{"type":"branch","line":54,"loc":{"start":{"line":54,"column":4},"end":{"line":55,"column":83}},"locations":[{"start":{"line":54,"column":4},"end":{"line":55,"column":83}}]},"16":{"type":"branch","line":56,"loc":{"start":{"line":56,"column":4},"end":{"line":59,"column":5}},"locations":[{"start":{"line":56,"column":4},"end":{"line":59,"column":5}}]},"17":{"type":"branch","line":60,"loc":{"start":{"line":60,"column":4},"end":{"line":61,"column":39}},"locations":[{"start":{"line":60,"column":4},"end":{"line":61,"column":39}}]},"18":{"type":"branch","line":66,"loc":{"start":{"line":66,"column":20},"end":{"line":72,"column":2}},"locations":[{"start":{"line":66,"column":20},"end":{"line":72,"column":2}}]},"19":{"type":"branch","line":67,"loc":{"start":{"line":67,"column":25},"end":{"line":69,"column":3}},"locations":[{"start":{"line":67,"column":25},"end":{"line":69,"column":3}}]},"20":{"type":"branch","line":69,"loc":{"start":{"line":69,"column":2},"end":{"line":72,"column":2}},"locations":[{"start":{"line":69,"column":2},"end":{"line":72,"column":2}}]}},"b":{"0":[54],"1":[30],"2":[54],"3":[14],"4":[40],"5":[0],"6":[40],"7":[2],"8":[38],"9":[18],"10":[11],"11":[37],"12":[4],"13":[10],"14":[8],"15":[6],"16":[8],"17":[1],"18":[4],"19":[1],"20":[3]},"fnMap":{"0":{"name":"getSpaces","decl":{"start":{"line":16,"column":19},"end":{"line":19,"column":2}},"loc":{"start":{"line":16,"column":19},"end":{"line":19,"column":2}},"line":16},"1":{"name":"getSpacesWithShift","decl":{"start":{"line":22,"column":28},"end":{"line":25,"column":2}},"loc":{"start":{"line":22,"column":28},"end":{"line":25,"column":2}},"line":22},"2":{"name":"convertString","decl":{"start":{"line":28,"column":22},"end":{"line":42,"column":2}},"loc":{"start":{"line":28,"column":22},"end":{"line":42,"column":2}},"line":28},"3":{"name":"iter","decl":{"start":{"line":45,"column":13},"end":{"line":63,"column":2}},"loc":{"start":{"line":45,"column":13},"end":{"line":63,"column":2}},"line":45},"4":{"name":"getStylish","decl":{"start":{"line":66,"column":20},"end":{"line":72,"column":2}},"loc":{"start":{"line":66,"column":20},"end":{"line":72,"column":2}},"line":66}},"f":{"0":54,"1":30,"2":54,"3":11,"4":4}}
}
