{"/home/oxana/frontend-project-46/src/index.js": {"path":"/home/oxana/frontend-project-46/src/index.js","all":false,"statementMap":{"0":{"start":{"line":1,"column":0},"end":{"line":1,"column":37}},"1":{"start":{"line":2,"column":0},"end":{"line":2,"column":70}},"2":{"start":{"line":3,"column":0},"end":{"line":3,"column":48}},"3":{"start":{"line":4,"column":0},"end":{"line":4,"column":0}},"4":{"start":{"line":5,"column":0},"end":{"line":5,"column":66}},"5":{"start":{"line":6,"column":0},"end":{"line":6,"column":50}},"6":{"start":{"line":7,"column":0},"end":{"line":7,"column":50}},"7":{"start":{"line":8,"column":0},"end":{"line":8,"column":47}},"8":{"start":{"line":9,"column":0},"end":{"line":9,"column":47}},"9":{"start":{"line":10,"column":0},"end":{"line":10,"column":58}},"10":{"start":{"line":11,"column":0},"end":{"line":11,"column":58}},"11":{"start":{"line":12,"column":0},"end":{"line":12,"column":48}},"12":{"start":{"line":13,"column":0},"end":{"line":13,"column":46}},"13":{"start":{"line":14,"column":0},"end":{"line":14,"column":16}},"14":{"start":{"line":15,"column":0},"end":{"line":15,"column":2}},"15":{"start":{"line":16,"column":0},"end":{"line":16,"column":0}},"16":{"start":{"line":17,"column":0},"end":{"line":17,"column":23}},"17":{"start":{"line":18,"column":0},"end":{"line":18,"column":0}},"18":{"start":{"line":19,"column":0},"end":{"line":19,"column":20}}},"s":{"0":1,"1":1,"2":1,"3":1,"4":1,"5":2,"6":2,"7":2,"8":2,"9":2,"10":2,"11":2,"12":2,"13":2,"14":2,"15":1,"16":1,"17":1,"18":1},"branchMap":{"0":{"type":"branch","line":5,"loc":{"start":{"line":5,"column":16},"end":{"line":15,"column":2}},"locations":[{"start":{"line":5,"column":16},"end":{"line":15,"column":2}}]}},"b":{"0":[2]},"fnMap":{"0":{"name":"genDiff","decl":{"start":{"line":5,"column":16},"end":{"line":15,"column":2}},"loc":{"start":{"line":5,"column":16},"end":{"line":15,"column":2}},"line":5}},"f":{"0":2}}
,"/home/oxana/frontend-project-46/src/parsers.js": {"path":"/home/oxana/frontend-project-46/src/parsers.js","all":false,"statementMap":{"0":{"start":{"line":1,"column":0},"end":{"line":1,"column":27}},"1":{"start":{"line":2,"column":0},"end":{"line":2,"column":0}},"2":{"start":{"line":3,"column":0},"end":{"line":3,"column":37}},"3":{"start":{"line":4,"column":0},"end":{"line":4,"column":26}},"4":{"start":{"line":5,"column":0},"end":{"line":5,"column":28}},"5":{"start":{"line":6,"column":0},"end":{"line":6,"column":3}},"6":{"start":{"line":7,"column":0},"end":{"line":7,"column":46}},"7":{"start":{"line":8,"column":0},"end":{"line":8,"column":27}},"8":{"start":{"line":9,"column":0},"end":{"line":9,"column":3}},"9":{"start":{"line":10,"column":0},"end":{"line":10,"column":48}},"10":{"start":{"line":11,"column":0},"end":{"line":11,"column":2}},"11":{"start":{"line":12,"column":0},"end":{"line":12,"column":0}},"12":{"start":{"line":13,"column":0},"end":{"line":13,"column":25}}},"s":{"0":1,"1":1,"2":1,"3":5,"4":2,"5":2,"6":5,"7":2,"8":2,"9":1,"10":1,"11":1,"12":1},"branchMap":{"0":{"type":"branch","line":3,"loc":{"start":{"line":3,"column":18},"end":{"line":11,"column":2}},"locations":[{"start":{"line":3,"column":18},"end":{"line":11,"column":2}}]},"1":{"type":"branch","line":4,"loc":{"start":{"line":4,"column":25},"end":{"line":6,"column":3}},"locations":[{"start":{"line":4,"column":25},"end":{"line":6,"column":3}}]},"2":{"type":"branch","line":6,"loc":{"start":{"line":6,"column":2},"end":{"line":7,"column":27}},"locations":[{"start":{"line":6,"column":2},"end":{"line":7,"column":27}}]},"3":{"type":"branch","line":7,"loc":{"start":{"line":7,"column":23},"end":{"line":7,"column":43}},"locations":[{"start":{"line":7,"column":23},"end":{"line":7,"column":43}}]},"4":{"type":"branch","line":7,"loc":{"start":{"line":7,"column":45},"end":{"line":9,"column":3}},"locations":[{"start":{"line":7,"column":45},"end":{"line":9,"column":3}}]},"5":{"type":"branch","line":9,"loc":{"start":{"line":9,"column":2},"end":{"line":11,"column":2}},"locations":[{"start":{"line":9,"column":2},"end":{"line":11,"column":2}}]}},"b":{"0":[5],"1":[2],"2":[3],"3":[1],"4":[2],"5":[1]},"fnMap":{"0":{"name":"parseFile","decl":{"start":{"line":3,"column":18},"end":{"line":11,"column":2}},"loc":{"start":{"line":3,"column":18},"end":{"line":11,"column":2}},"line":3}},"f":{"0":5}}
,"/home/oxana/frontend-project-46/src/utils.js": {"path":"/home/oxana/frontend-project-46/src/utils.js","all":false,"statementMap":{"0":{"start":{"line":1,"column":0},"end":{"line":1,"column":38}},"1":{"start":{"line":2,"column":0},"end":{"line":2,"column":53}},"2":{"start":{"line":3,"column":0},"end":{"line":3,"column":24}},"3":{"start":{"line":4,"column":0},"end":{"line":4,"column":47}},"4":{"start":{"line":5,"column":0},"end":{"line":5,"column":39}},"5":{"start":{"line":6,"column":0},"end":{"line":6,"column":23}},"6":{"start":{"line":7,"column":0},"end":{"line":7,"column":0}},"7":{"start":{"line":8,"column":0},"end":{"line":8,"column":39}},"8":{"start":{"line":9,"column":0},"end":{"line":9,"column":41}},"9":{"start":{"line":10,"column":0},"end":{"line":10,"column":87}},"10":{"start":{"line":11,"column":0},"end":{"line":11,"column":43}},"11":{"start":{"line":12,"column":0},"end":{"line":12,"column":2}},"12":{"start":{"line":13,"column":0},"end":{"line":13,"column":0}},"13":{"start":{"line":14,"column":0},"end":{"line":14,"column":68}},"14":{"start":{"line":15,"column":0},"end":{"line":15,"column":0}},"15":{"start":{"line":16,"column":0},"end":{"line":16,"column":36}},"16":{"start":{"line":17,"column":0},"end":{"line":17,"column":49}},"17":{"start":{"line":18,"column":0},"end":{"line":18,"column":73}},"18":{"start":{"line":19,"column":0},"end":{"line":19,"column":0}},"19":{"start":{"line":20,"column":0},"end":{"line":20,"column":36}},"20":{"start":{"line":21,"column":0},"end":{"line":21,"column":50}},"21":{"start":{"line":22,"column":0},"end":{"line":22,"column":37}},"22":{"start":{"line":23,"column":0},"end":{"line":23,"column":14}},"23":{"start":{"line":24,"column":0},"end":{"line":24,"column":12}},"24":{"start":{"line":25,"column":0},"end":{"line":25,"column":22}},"25":{"start":{"line":26,"column":0},"end":{"line":26,"column":26}},"26":{"start":{"line":27,"column":0},"end":{"line":27,"column":8}},"27":{"start":{"line":28,"column":0},"end":{"line":28,"column":5}},"28":{"start":{"line":29,"column":0},"end":{"line":29,"column":49}},"29":{"start":{"line":30,"column":0},"end":{"line":30,"column":37}},"30":{"start":{"line":31,"column":0},"end":{"line":31,"column":14}},"31":{"start":{"line":32,"column":0},"end":{"line":32,"column":12}},"32":{"start":{"line":33,"column":0},"end":{"line":33,"column":24}},"33":{"start":{"line":34,"column":0},"end":{"line":34,"column":26}},"34":{"start":{"line":35,"column":0},"end":{"line":35,"column":8}},"35":{"start":{"line":36,"column":0},"end":{"line":36,"column":5}},"36":{"start":{"line":37,"column":0},"end":{"line":37,"column":71}},"37":{"start":{"line":38,"column":0},"end":{"line":38,"column":53}},"38":{"start":{"line":39,"column":0},"end":{"line":39,"column":63}},"39":{"start":{"line":40,"column":0},"end":{"line":40,"column":14}},"40":{"start":{"line":41,"column":0},"end":{"line":41,"column":12}},"41":{"start":{"line":42,"column":0},"end":{"line":42,"column":23}},"42":{"start":{"line":43,"column":0},"end":{"line":43,"column":51}},"43":{"start":{"line":44,"column":0},"end":{"line":44,"column":8}},"44":{"start":{"line":45,"column":0},"end":{"line":45,"column":5}},"45":{"start":{"line":46,"column":0},"end":{"line":46,"column":68}},"46":{"start":{"line":47,"column":0},"end":{"line":47,"column":36}},"47":{"start":{"line":48,"column":0},"end":{"line":48,"column":14}},"48":{"start":{"line":49,"column":0},"end":{"line":49,"column":12}},"49":{"start":{"line":50,"column":0},"end":{"line":50,"column":24}},"50":{"start":{"line":51,"column":0},"end":{"line":51,"column":27}},"51":{"start":{"line":52,"column":0},"end":{"line":52,"column":27}},"52":{"start":{"line":53,"column":0},"end":{"line":53,"column":8}},"53":{"start":{"line":54,"column":0},"end":{"line":54,"column":5}},"54":{"start":{"line":55,"column":0},"end":{"line":55,"column":73}},"55":{"start":{"line":56,"column":0},"end":{"line":56,"column":12}},"56":{"start":{"line":57,"column":0},"end":{"line":57,"column":10}},"57":{"start":{"line":58,"column":0},"end":{"line":58,"column":24}},"58":{"start":{"line":59,"column":0},"end":{"line":59,"column":24}},"59":{"start":{"line":60,"column":0},"end":{"line":60,"column":6}},"60":{"start":{"line":61,"column":0},"end":{"line":61,"column":5}},"61":{"start":{"line":62,"column":0},"end":{"line":62,"column":16}},"62":{"start":{"line":63,"column":0},"end":{"line":63,"column":2}},"63":{"start":{"line":64,"column":0},"end":{"line":64,"column":0}},"64":{"start":{"line":65,"column":0},"end":{"line":65,"column":52}}},"s":{"0":1,"1":1,"2":1,"3":1,"4":1,"5":1,"6":1,"7":1,"8":4,"9":4,"10":4,"11":4,"12":1,"13":1,"14":1,"15":1,"16":10,"17":10,"18":10,"19":10,"20":36,"21":36,"22":10,"23":10,"24":10,"25":10,"26":10,"27":10,"28":26,"29":36,"30":4,"31":4,"32":4,"33":4,"34":4,"35":4,"36":22,"37":22,"38":36,"39":8,"40":8,"41":8,"42":8,"43":8,"44":8,"45":14,"46":36,"47":8,"48":8,"49":8,"50":8,"51":8,"52":8,"53":8,"54":6,"55":6,"56":6,"57":6,"58":6,"59":6,"60":10,"61":10,"62":10,"63":1,"64":1},"branchMap":{"0":{"type":"branch","line":8,"loc":{"start":{"line":8,"column":25},"end":{"line":12,"column":2}},"locations":[{"start":{"line":8,"column":25},"end":{"line":12,"column":2}}]},"1":{"type":"branch","line":14,"loc":{"start":{"line":14,"column":23},"end":{"line":14,"column":67}},"locations":[{"start":{"line":14,"column":23},"end":{"line":14,"column":67}}]},"2":{"type":"branch","line":16,"loc":{"start":{"line":16,"column":17},"end":{"line":63,"column":2}},"locations":[{"start":{"line":16,"column":17},"end":{"line":63,"column":2}}]},"3":{"type":"branch","line":20,"loc":{"start":{"line":20,"column":27},"end":{"line":61,"column":3}},"locations":[{"start":{"line":20,"column":27},"end":{"line":61,"column":3}}]},"4":{"type":"branch","line":22,"loc":{"start":{"line":22,"column":36},"end":{"line":28,"column":5}},"locations":[{"start":{"line":22,"column":36},"end":{"line":28,"column":5}}]},"5":{"type":"branch","line":28,"loc":{"start":{"line":28,"column":4},"end":{"line":30,"column":36}},"locations":[{"start":{"line":28,"column":4},"end":{"line":30,"column":36}}]},"6":{"type":"branch","line":30,"loc":{"start":{"line":30,"column":36},"end":{"line":36,"column":5}},"locations":[{"start":{"line":30,"column":36},"end":{"line":36,"column":5}}]},"7":{"type":"branch","line":36,"loc":{"start":{"line":36,"column":4},"end":{"line":39,"column":37}},"locations":[{"start":{"line":36,"column":4},"end":{"line":39,"column":37}}]},"8":{"type":"branch","line":39,"loc":{"start":{"line":39,"column":31},"end":{"line":39,"column":60}},"locations":[{"start":{"line":39,"column":31},"end":{"line":39,"column":60}}]},"9":{"type":"branch","line":39,"loc":{"start":{"line":39,"column":62},"end":{"line":45,"column":5}},"locations":[{"start":{"line":39,"column":62},"end":{"line":45,"column":5}}]},"10":{"type":"branch","line":45,"loc":{"start":{"line":45,"column":4},"end":{"line":47,"column":35}},"locations":[{"start":{"line":45,"column":4},"end":{"line":47,"column":35}}]},"11":{"type":"branch","line":47,"loc":{"start":{"line":47,"column":35},"end":{"line":54,"column":5}},"locations":[{"start":{"line":47,"column":35},"end":{"line":54,"column":5}}]},"12":{"type":"branch","line":54,"loc":{"start":{"line":54,"column":4},"end":{"line":61,"column":3}},"locations":[{"start":{"line":54,"column":4},"end":{"line":61,"column":3}}]}},"b":{"0":[4],"1":[4],"2":[10],"3":[36],"4":[10],"5":[26],"6":[4],"7":[22],"8":[10],"9":[8],"10":[14],"11":[8],"12":[6]},"fnMap":{"0":{"name":"readFixtureFile","decl":{"start":{"line":8,"column":25},"end":{"line":12,"column":2}},"loc":{"start":{"line":8,"column":25},"end":{"line":12,"column":2}},"line":8},"1":{"name":"getFormatFile","decl":{"start":{"line":14,"column":23},"end":{"line":14,"column":67}},"loc":{"start":{"line":14,"column":23},"end":{"line":14,"column":67}},"line":14},"2":{"name":"dataDiff","decl":{"start":{"line":16,"column":17},"end":{"line":63,"column":2}},"loc":{"start":{"line":16,"column":17},"end":{"line":63,"column":2}},"line":16}},"f":{"0":4,"1":4,"2":10}}
,"/home/oxana/frontend-project-46/src/formatters/index.js": {"path":"/home/oxana/frontend-project-46/src/formatters/index.js","all":false,"statementMap":{"0":{"start":{"line":1,"column":0},"end":{"line":1,"column":38}},"1":{"start":{"line":2,"column":0},"end":{"line":2,"column":0}},"2":{"start":{"line":3,"column":0},"end":{"line":3,"column":54}},"3":{"start":{"line":4,"column":0},"end":{"line":4,"column":32}},"4":{"start":{"line":5,"column":0},"end":{"line":5,"column":28}},"5":{"start":{"line":6,"column":0},"end":{"line":6,"column":3}},"6":{"start":{"line":7,"column":0},"end":{"line":7,"column":50}},"7":{"start":{"line":8,"column":0},"end":{"line":8,"column":2}},"8":{"start":{"line":9,"column":0},"end":{"line":9,"column":0}},"9":{"start":{"line":10,"column":0},"end":{"line":10,"column":27}}},"s":{"0":1,"1":1,"2":1,"3":2,"4":2,"5":2,"6":0,"7":0,"8":1,"9":1},"branchMap":{"0":{"type":"branch","line":3,"loc":{"start":{"line":3,"column":20},"end":{"line":8,"column":2}},"locations":[{"start":{"line":3,"column":20},"end":{"line":8,"column":2}}]},"1":{"type":"branch","line":6,"loc":{"start":{"line":6,"column":2},"end":{"line":8,"column":2}},"locations":[{"start":{"line":6,"column":2},"end":{"line":8,"column":2}}]}},"b":{"0":[2],"1":[0]},"fnMap":{"0":{"name":"selectStyle","decl":{"start":{"line":3,"column":20},"end":{"line":8,"column":2}},"loc":{"start":{"line":3,"column":20},"end":{"line":8,"column":2}},"line":3}},"f":{"0":2}}
,"/home/oxana/frontend-project-46/src/formatters/stylish.js": {"path":"/home/oxana/frontend-project-46/src/formatters/stylish.js","all":false,"statementMap":{"0":{"start":{"line":1,"column":0},"end":{"line":1,"column":23}},"1":{"start":{"line":2,"column":0},"end":{"line":2,"column":30}},"2":{"start":{"line":3,"column":0},"end":{"line":3,"column":30}},"3":{"start":{"line":4,"column":0},"end":{"line":4,"column":26}},"4":{"start":{"line":5,"column":0},"end":{"line":5,"column":25}},"5":{"start":{"line":6,"column":0},"end":{"line":6,"column":19}},"6":{"start":{"line":7,"column":0},"end":{"line":7,"column":0}},"7":{"start":{"line":8,"column":0},"end":{"line":8,"column":59}},"8":{"start":{"line":9,"column":0},"end":{"line":9,"column":21}},"9":{"start":{"line":10,"column":0},"end":{"line":10,"column":21}},"10":{"start":{"line":11,"column":0},"end":{"line":11,"column":0}},"11":{"start":{"line":12,"column":0},"end":{"line":12,"column":58}},"12":{"start":{"line":13,"column":0},"end":{"line":13,"column":93}},"13":{"start":{"line":14,"column":0},"end":{"line":14,"column":0}},"14":{"start":{"line":15,"column":0},"end":{"line":15,"column":38}},"15":{"start":{"line":16,"column":0},"end":{"line":16,"column":30}},"16":{"start":{"line":17,"column":0},"end":{"line":17,"column":40}},"17":{"start":{"line":18,"column":0},"end":{"line":18,"column":37}},"18":{"start":{"line":19,"column":0},"end":{"line":19,"column":2}},"19":{"start":{"line":20,"column":0},"end":{"line":20,"column":0}},"20":{"start":{"line":21,"column":0},"end":{"line":21,"column":37}},"21":{"start":{"line":22,"column":0},"end":{"line":22,"column":39}},"22":{"start":{"line":23,"column":0},"end":{"line":23,"column":40}},"23":{"start":{"line":24,"column":0},"end":{"line":24,"column":41}},"24":{"start":{"line":25,"column":0},"end":{"line":25,"column":2}},"25":{"start":{"line":26,"column":0},"end":{"line":26,"column":0}},"26":{"start":{"line":27,"column":0},"end":{"line":27,"column":30}},"27":{"start":{"line":28,"column":0},"end":{"line":28,"column":40}},"28":{"start":{"line":29,"column":0},"end":{"line":29,"column":25}},"29":{"start":{"line":30,"column":0},"end":{"line":30,"column":43}},"30":{"start":{"line":31,"column":0},"end":{"line":31,"column":92}},"31":{"start":{"line":32,"column":0},"end":{"line":32,"column":6}},"32":{"start":{"line":33,"column":0},"end":{"line":33,"column":58}},"33":{"start":{"line":34,"column":0},"end":{"line":34,"column":3}},"34":{"start":{"line":35,"column":0},"end":{"line":35,"column":28}},"35":{"start":{"line":36,"column":0},"end":{"line":36,"column":76}},"36":{"start":{"line":37,"column":0},"end":{"line":37,"column":3}},"37":{"start":{"line":38,"column":0},"end":{"line":38,"column":22}},"38":{"start":{"line":39,"column":0},"end":{"line":39,"column":18}},"39":{"start":{"line":40,"column":0},"end":{"line":40,"column":3}},"40":{"start":{"line":41,"column":0},"end":{"line":41,"column":22}},"41":{"start":{"line":42,"column":0},"end":{"line":42,"column":2}},"42":{"start":{"line":43,"column":0},"end":{"line":43,"column":0}},"43":{"start":{"line":44,"column":0},"end":{"line":44,"column":64}},"44":{"start":{"line":45,"column":0},"end":{"line":45,"column":54}},"45":{"start":{"line":46,"column":0},"end":{"line":46,"column":22}},"46":{"start":{"line":47,"column":0},"end":{"line":47,"column":19}},"47":{"start":{"line":48,"column":0},"end":{"line":48,"column":94}},"48":{"start":{"line":49,"column":0},"end":{"line":49,"column":17}},"49":{"start":{"line":50,"column":0},"end":{"line":50,"column":94}},"50":{"start":{"line":51,"column":0},"end":{"line":51,"column":21}},"51":{"start":{"line":52,"column":0},"end":{"line":52,"column":176}},"52":{"start":{"line":53,"column":0},"end":{"line":53,"column":5}},"53":{"start":{"line":54,"column":0},"end":{"line":54,"column":21}},"54":{"start":{"line":55,"column":0},"end":{"line":55,"column":83}},"55":{"start":{"line":56,"column":0},"end":{"line":56,"column":20}},"56":{"start":{"line":57,"column":0},"end":{"line":57,"column":51}},"57":{"start":{"line":58,"column":0},"end":{"line":58,"column":92}},"58":{"start":{"line":59,"column":0},"end":{"line":59,"column":5}},"59":{"start":{"line":60,"column":0},"end":{"line":60,"column":12}},"60":{"start":{"line":61,"column":0},"end":{"line":61,"column":53}},"61":{"start":{"line":62,"column":0},"end":{"line":62,"column":3}},"62":{"start":{"line":63,"column":0},"end":{"line":63,"column":3}},"63":{"start":{"line":64,"column":0},"end":{"line":64,"column":0}},"64":{"start":{"line":65,"column":0},"end":{"line":65,"column":29}},"65":{"start":{"line":66,"column":0},"end":{"line":66,"column":33}},"66":{"start":{"line":67,"column":0},"end":{"line":67,"column":31}},"67":{"start":{"line":68,"column":0},"end":{"line":68,"column":38}},"68":{"start":{"line":69,"column":0},"end":{"line":69,"column":2}},"69":{"start":{"line":70,"column":0},"end":{"line":70,"column":0}},"70":{"start":{"line":71,"column":0},"end":{"line":71,"column":29}}},"s":{"0":1,"1":1,"2":1,"3":1,"4":1,"5":1,"6":1,"7":1,"8":1,"9":1,"10":1,"11":1,"12":1,"13":1,"14":1,"15":1,"16":54,"17":54,"18":54,"19":1,"20":1,"21":1,"22":30,"23":30,"24":30,"25":1,"26":1,"27":1,"28":54,"29":14,"30":14,"31":14,"32":14,"33":14,"34":54,"35":0,"36":0,"37":54,"38":2,"39":2,"40":38,"41":38,"42":1,"43":1,"44":1,"45":36,"46":36,"47":4,"48":36,"49":10,"50":36,"51":8,"52":8,"53":36,"54":6,"55":36,"56":8,"57":8,"58":8,"59":36,"60":0,"61":36,"62":1,"63":1,"64":1,"65":1,"66":2,"67":2,"68":2,"69":1,"70":1},"branchMap":{"0":{"type":"branch","line":16,"loc":{"start":{"line":16,"column":19},"end":{"line":19,"column":2}},"locations":[{"start":{"line":16,"column":19},"end":{"line":19,"column":2}}]},"1":{"type":"branch","line":22,"loc":{"start":{"line":22,"column":28},"end":{"line":25,"column":2}},"locations":[{"start":{"line":22,"column":28},"end":{"line":25,"column":2}}]},"2":{"type":"branch","line":28,"loc":{"start":{"line":28,"column":22},"end":{"line":42,"column":2}},"locations":[{"start":{"line":28,"column":22},"end":{"line":42,"column":2}}]},"3":{"type":"branch","line":29,"loc":{"start":{"line":29,"column":24},"end":{"line":34,"column":3}},"locations":[{"start":{"line":29,"column":24},"end":{"line":34,"column":3}}]},"4":{"type":"branch","line":34,"loc":{"start":{"line":34,"column":2},"end":{"line":35,"column":27}},"locations":[{"start":{"line":34,"column":2},"end":{"line":35,"column":27}}]},"5":{"type":"branch","line":35,"loc":{"start":{"line":35,"column":27},"end":{"line":37,"column":3}},"locations":[{"start":{"line":35,"column":27},"end":{"line":37,"column":3}}]},"6":{"type":"branch","line":37,"loc":{"start":{"line":37,"column":2},"end":{"line":38,"column":21}},"locations":[{"start":{"line":37,"column":2},"end":{"line":38,"column":21}}]},"7":{"type":"branch","line":38,"loc":{"start":{"line":38,"column":21},"end":{"line":40,"column":3}},"locations":[{"start":{"line":38,"column":21},"end":{"line":40,"column":3}}]},"8":{"type":"branch","line":40,"loc":{"start":{"line":40,"column":2},"end":{"line":42,"column":2}},"locations":[{"start":{"line":40,"column":2},"end":{"line":42,"column":2}}]},"9":{"type":"branch","line":31,"loc":{"start":{"line":31,"column":6},"end":{"line":31,"column":92}},"locations":[{"start":{"line":31,"column":6},"end":{"line":31,"column":92}}]},"10":{"type":"branch","line":45,"loc":{"start":{"line":45,"column":13},"end":{"line":63,"column":2}},"locations":[{"start":{"line":45,"column":13},"end":{"line":63,"column":2}}]},"11":{"type":"branch","line":45,"loc":{"start":{"line":45,"column":44},"end":{"line":63,"column":2}},"locations":[{"start":{"line":45,"column":44},"end":{"line":63,"column":2}}]},"12":{"type":"branch","line":47,"loc":{"start":{"line":47,"column":4},"end":{"line":48,"column":94}},"locations":[{"start":{"line":47,"column":4},"end":{"line":48,"column":94}}]},"13":{"type":"branch","line":49,"loc":{"start":{"line":49,"column":4},"end":{"line":50,"column":94}},"locations":[{"start":{"line":49,"column":4},"end":{"line":50,"column":94}}]},"14":{"type":"branch","line":51,"loc":{"start":{"line":51,"column":4},"end":{"line":53,"column":5}},"locations":[{"start":{"line":51,"column":4},"end":{"line":53,"column":5}}]},"15":{"type":"branch","line":54,"loc":{"start":{"line":54,"column":4},"end":{"line":55,"column":83}},"locations":[{"start":{"line":54,"column":4},"end":{"line":55,"column":83}}]},"16":{"type":"branch","line":56,"loc":{"start":{"line":56,"column":4},"end":{"line":59,"column":5}},"locations":[{"start":{"line":56,"column":4},"end":{"line":59,"column":5}}]},"17":{"type":"branch","line":60,"loc":{"start":{"line":60,"column":4},"end":{"line":61,"column":53}},"locations":[{"start":{"line":60,"column":4},"end":{"line":61,"column":53}}]},"18":{"type":"branch","line":66,"loc":{"start":{"line":66,"column":23},"end":{"line":69,"column":2}},"locations":[{"start":{"line":66,"column":23},"end":{"line":69,"column":2}}]}},"b":{"0":[54],"1":[30],"2":[54],"3":[14],"4":[40],"5":[0],"6":[40],"7":[2],"8":[38],"9":[18],"10":[10],"11":[36],"12":[4],"13":[10],"14":[8],"15":[6],"16":[8],"17":[0],"18":[2]},"fnMap":{"0":{"name":"getSpaces","decl":{"start":{"line":16,"column":19},"end":{"line":19,"column":2}},"loc":{"start":{"line":16,"column":19},"end":{"line":19,"column":2}},"line":16},"1":{"name":"getSpacesWithShift","decl":{"start":{"line":22,"column":28},"end":{"line":25,"column":2}},"loc":{"start":{"line":22,"column":28},"end":{"line":25,"column":2}},"line":22},"2":{"name":"convertString","decl":{"start":{"line":28,"column":22},"end":{"line":42,"column":2}},"loc":{"start":{"line":28,"column":22},"end":{"line":42,"column":2}},"line":28},"3":{"name":"iter","decl":{"start":{"line":45,"column":13},"end":{"line":63,"column":2}},"loc":{"start":{"line":45,"column":13},"end":{"line":63,"column":2}},"line":45},"4":{"name":"formatStylish","decl":{"start":{"line":66,"column":23},"end":{"line":69,"column":2}},"loc":{"start":{"line":66,"column":23},"end":{"line":69,"column":2}},"line":66}},"f":{"0":54,"1":30,"2":54,"3":10,"4":2}}
}
