TN:
SF:src/index.js
FN:7,genDiff
FNF:1
FNH:1
FNDA:1,genDiff
DA:1,1
DA:2,1
DA:3,1
DA:4,1
DA:5,1
DA:6,1
DA:7,1
DA:8,1
DA:9,1
DA:10,1
DA:11,1
DA:12,1
DA:13,1
DA:14,1
DA:15,1
DA:16,1
DA:17,1
DA:18,1
DA:19,1
DA:20,1
LF:20
LH:20
BRDA:7,0,0,1
BRF:1
BRH:1
end_of_record
TN:
SF:src/parse.js
FN:1,parseFile
FNF:1
FNH:1
FNDA:2,parseFile
DA:1,1
DA:2,2
DA:3,2
DA:4,2
DA:5,2
DA:6,1
DA:7,1
LF:7
LH:7
BRDA:1,0,0,2
BRF:1
BRH:1
end_of_record
TN:
SF:src/utils.js
FN:8,transformaterPath
FN:14,getFormatFile
FN:16,dataDiff
FNF:3
FNH:3
FNDA:2,transformaterPath
FNDA:2,getFormatFile
FNDA:1,dataDiff
DA:1,1
DA:2,1
DA:3,1
DA:4,1
DA:5,1
DA:6,1
DA:7,1
DA:8,1
DA:9,2
DA:10,2
DA:11,2
DA:12,2
DA:13,1
DA:14,1
DA:15,1
DA:16,1
DA:17,1
DA:18,1
DA:19,1
DA:20,1
DA:21,5
DA:22,5
DA:23,2
DA:24,2
DA:25,1
DA:26,1
DA:27,1
DA:28,1
DA:29,1
DA:30,1
DA:31,1
DA:32,1
DA:33,5
DA:34,2
DA:35,2
DA:36,2
DA:37,2
DA:38,1
DA:39,1
DA:40,1
DA:41,1
DA:42,1
DA:43,1
DA:44,1
DA:45,1
LF:45
LH:45
BRDA:8,0,0,2
BRDA:14,1,0,2
BRDA:16,2,0,1
BRDA:20,3,0,5
BRDA:22,4,0,4
BRDA:22,5,0,2
BRDA:24,6,0,1
BRDA:33,7,0,3
BRDA:33,8,0,2
BRDA:37,9,0,1
BRF:10
BRH:10
end_of_record
