TN:
SF:src/index.js
FN:5,genDiff
FNF:1
FNH:1
FNDA:2,genDiff
DA:1,1
DA:2,1
DA:3,1
DA:4,1
DA:5,1
DA:6,2
DA:7,2
DA:8,2
DA:9,2
DA:10,2
DA:11,2
DA:12,2
DA:13,2
DA:14,2
DA:15,2
DA:16,1
DA:17,1
DA:18,1
DA:19,1
LF:19
LH:19
BRDA:5,0,0,2
BRF:1
BRH:1
end_of_record
TN:
SF:src/parsers.js
FN:3,parseFile
FNF:1
FNH:1
FNDA:5,parseFile
DA:1,1
DA:2,1
DA:3,1
DA:4,5
DA:5,2
DA:6,2
DA:7,5
DA:8,2
DA:9,2
DA:10,1
DA:11,1
DA:12,1
DA:13,1
LF:13
LH:13
BRDA:3,0,0,5
BRDA:4,1,0,2
BRDA:6,2,0,3
BRDA:7,3,0,1
BRDA:7,4,0,2
BRDA:9,5,0,1
BRF:6
BRH:6
end_of_record
TN:
SF:src/utils.js
FN:8,readFixtureFile
FN:14,getFormatFile
FN:16,dataDiff
FNF:3
FNH:3
FNDA:4,readFixtureFile
FNDA:4,getFormatFile
FNDA:10,dataDiff
DA:1,1
DA:2,1
DA:3,1
DA:4,1
DA:5,1
DA:6,1
DA:7,1
DA:8,1
DA:9,4
DA:10,4
DA:11,4
DA:12,4
DA:13,1
DA:14,1
DA:15,1
DA:16,1
DA:17,10
DA:18,10
DA:19,10
DA:20,10
DA:21,36
DA:22,36
DA:23,10
DA:24,10
DA:25,10
DA:26,10
DA:27,10
DA:28,10
DA:29,26
DA:30,36
DA:31,4
DA:32,4
DA:33,4
DA:34,4
DA:35,4
DA:36,4
DA:37,22
DA:38,22
DA:39,36
DA:40,8
DA:41,8
DA:42,8
DA:43,8
DA:44,8
DA:45,8
DA:46,14
DA:47,36
DA:48,8
DA:49,8
DA:50,8
DA:51,8
DA:52,8
DA:53,8
DA:54,8
DA:55,6
DA:56,6
DA:57,6
DA:58,6
DA:59,6
DA:60,6
DA:61,10
DA:62,10
DA:63,10
DA:64,1
DA:65,1
LF:65
LH:65
BRDA:8,0,0,4
BRDA:14,1,0,4
BRDA:16,2,0,10
BRDA:20,3,0,36
BRDA:22,4,0,10
BRDA:28,5,0,26
BRDA:30,6,0,4
BRDA:36,7,0,22
BRDA:39,8,0,10
BRDA:39,9,0,8
BRDA:45,10,0,14
BRDA:47,11,0,8
BRDA:54,12,0,6
BRF:13
BRH:13
end_of_record
TN:
SF:src/formatters/index.js
FN:3,selectStyle
FNF:1
FNH:1
FNDA:2,selectStyle
DA:1,1
DA:2,1
DA:3,1
DA:4,2
DA:5,2
DA:6,2
DA:7,0
DA:8,0
DA:9,1
DA:10,1
LF:10
LH:8
BRDA:3,0,0,2
BRDA:6,1,0,0
BRF:2
BRH:1
end_of_record
TN:
SF:src/formatters/stylish.js
FN:16,getSpaces
FN:22,getSpacesWithShift
FN:28,convertString
FN:45,iter
FN:66,formatStylish
FNF:5
FNH:5
FNDA:54,getSpaces
FNDA:30,getSpacesWithShift
FNDA:54,convertString
FNDA:10,iter
FNDA:2,formatStylish
DA:1,1
DA:2,1
DA:3,1
DA:4,1
DA:5,1
DA:6,1
DA:7,1
DA:8,1
DA:9,1
DA:10,1
DA:11,1
DA:12,1
DA:13,1
DA:14,1
DA:15,1
DA:16,1
DA:17,54
DA:18,54
DA:19,54
DA:20,1
DA:21,1
DA:22,1
DA:23,30
DA:24,30
DA:25,30
DA:26,1
DA:27,1
DA:28,1
DA:29,54
DA:30,14
DA:31,14
DA:32,14
DA:33,14
DA:34,14
DA:35,54
DA:36,0
DA:37,0
DA:38,54
DA:39,2
DA:40,2
DA:41,38
DA:42,38
DA:43,1
DA:44,1
DA:45,1
DA:46,36
DA:47,36
DA:48,4
DA:49,36
DA:50,10
DA:51,36
DA:52,8
DA:53,8
DA:54,36
DA:55,6
DA:56,36
DA:57,8
DA:58,8
DA:59,8
DA:60,36
DA:61,0
DA:62,36
DA:63,1
DA:64,1
DA:65,1
DA:66,1
DA:67,2
DA:68,2
DA:69,2
DA:70,1
DA:71,1
LF:71
LH:68
BRDA:16,0,0,54
BRDA:22,1,0,30
BRDA:28,2,0,54
BRDA:29,3,0,14
BRDA:34,4,0,40
BRDA:35,5,0,0
BRDA:37,6,0,40
BRDA:38,7,0,2
BRDA:40,8,0,38
BRDA:31,9,0,18
BRDA:45,10,0,10
BRDA:45,11,0,36
BRDA:47,12,0,4
BRDA:49,13,0,10
BRDA:51,14,0,8
BRDA:54,15,0,6
BRDA:56,16,0,8
BRDA:60,17,0,0
BRDA:66,18,0,2
BRF:19
BRH:17
end_of_record
